<?xml version="1.0" encoding="UTF-8"?>
<!-- Generated by org.testng.reporters.JUnitXMLReporter -->
<testsuite ignored="1" hostname="IN-PF2RSDYR" failures="1" tests="1" name="Home" time="5.08" errors="0" timestamp="2023-12-16T14:50:48 IST">
  <testcase classname="TestNGTest.FirstTest" name="homePageUser" time="5.03">
    <failure type="org.testng.internal.thread.ThreadTimeoutException" message="Method TestNGTest.FirstTest.homePageUser() didn&amp;apos;t finish within the time-out 5000">
      <![CDATA[org.testng.internal.thread.ThreadTimeoutException: Method TestNGTest.FirstTest.homePageUser() didn't finish within the time-out 5000
at java.base/java.util.ArrayList.forEach(ArrayList.java:1511)
... Removed 24 stack frames]]>
    </failure>
  </testcase> <!-- homePageUser -->
  <testcase classname="TestNGTest.FirstTest" name="homePage" time="0.0">
    <ignored/>
  </testcase> <!-- homePage -->
</testsuite> <!-- Home -->
