<?xml version="1.0" encoding="UTF-8"?>
<testng-results ignored="1" total="2" passed="1" failed="0" skipped="0">
  <reporter-output>
  </reporter-output>
  <suite started-at="2024-01-13T13:56:40 IST" name="Suite" finished-at="2024-01-13T13:56:47 IST" duration-ms="7510">
    <groups>
      <group name="Regression">
        <method signature="ProductTest.TC_ProductPage1()[pri:0, instance:TestNGTest.ProductTest@14dd9eb7]" name="TC_ProductPage1" class="TestNGTest.ProductTest"/>
      </group> <!-- Regression -->
    </groups>
    <test started-at="2024-01-13T13:56:40 IST" name="Test" finished-at="2024-01-13T13:56:47 IST" duration-ms="7510">
      <class name="TestNGTest.ProductTest">
        <test-method signature="TC_ProductPage1()[pri:0, instance:TestNGTest.ProductTest@14dd9eb7]" started-at="2024-01-13T13:56:40 IST" name="TC_ProductPage1" finished-at="2024-01-13T13:56:47 IST" duration-ms="7463" status="PASS">
          <reporter-output>
          </reporter-output>
        </test-method> <!-- TC_ProductPage1 -->
      </class> <!-- TestNGTest.ProductTest -->
    </test> <!-- Test -->
  </suite> <!-- Suite -->
</testng-results>
